<?xml version="1.0" encoding="UTF-8"?>
<testsuite name="RunningSumSpec" tests="1" skipped="0" failures="0" errors="0" timestamp="2020-11-29T17:42:38" hostname="POLPC04701" time="0.173">
  <properties/>
  <testcase name="should solve" classname="RunningSumSpec" time="0.173"/>
  <system-out><![CDATA[]]></system-out>
  <system-err><![CDATA[]]></system-err>
</testsuite>
