<?xml version="1.0" encoding="UTF-8"?>
<testsuite name="Day1Spec" tests="1" skipped="0" failures="0" errors="0" timestamp="2020-11-30T16:20:55" hostname="POLPC04701" time="0.292">
  <properties/>
  <testcase name="should solve simple case" classname="Day1Spec" time="0.292"/>
  <system-out><![CDATA[]]></system-out>
  <system-err><![CDATA[]]></system-err>
</testsuite>
